[15:42:26] [ServerMain/INFO]: [bootstrap] Running Java 21 (OpenJDK 64-Bit Server VM 21.0.6+7-Ubuntu-120.04.1; Ubuntu null) on Linux 6.5.0-1025-azure (amd64)
[15:42:26] [ServerMain/INFO]: [bootstrap] Loading Paper 1.21.4-188-main@8de7e35 (2025-03-03T16:59:40Z) for Minecraft 1.21.4
[15:42:26] [ServerMain/INFO]: [PluginInitializerManager] Initializing plugins...
[15:42:26] [ServerMain/INFO]: [PluginInitializerManager] Initialized 0 plugins
[15:42:26] [Paper Plugin Remapper Thread - 1/INFO]: [ReobfServer] Remapping server...
[15:42:34] [ServerMain/INFO]: Environment: Environment[sessionHost=https://sessionserver.mojang.com, servicesHost=https://api.minecraftservices.com, name=PROD]
[15:42:35] [ServerMain/INFO]: Found new data pack file/bukkit, loading it automatically
[15:42:35] [ServerMain/INFO]: Found new data pack paper, loading it automatically
[15:42:35] [Paper Plugin Remapper Thread - 1/INFO]: [ReobfServer] Done remapping server in 8920ms.
[15:42:36] [ServerMain/INFO]: No existing world data, creating new world
[15:42:37] [ServerMain/INFO]: Loaded 1370 recipes
[15:42:37] [ServerMain/INFO]: Loaded 1481 advancements
[15:42:37] [ServerMain/INFO]: [MCTypeRegistry] Initialising converters for DataConverter...
[15:42:37] [ServerMain/INFO]: [MCTypeRegistry] Finished initialising converters for DataConverter in 253.2ms
[15:42:37] [Server thread/INFO]: Starting minecraft server version 1.21.4
[15:42:37] [Server thread/INFO]: Loading properties
[15:42:37] [Server thread/INFO]: This server is running Paper version 1.21.4-188-main@8de7e35 (2025-03-03T16:59:40Z) (Implementing API version 1.21.4-R0.1-SNAPSHOT)
[15:42:37] [Server thread/INFO]: [spark] This server bundles the spark profiler. For more information please visit https://docs.papermc.io/paper/profiling
[15:42:37] [Server thread/INFO]: Server Ping Player Sample Count: 12
[15:42:37] [Server thread/INFO]: Using 4 threads for Netty based IO
[15:42:38] [Server thread/INFO]: [MoonriseCommon] Paper is using 1 worker threads, 1 I/O threads
[15:42:38] [Server thread/INFO]: [ChunkTaskScheduler] Chunk system is using population gen parallelism: true
[15:42:39] [Server thread/INFO]: Default game type: SURVIVAL
[15:42:39] [Server thread/INFO]: Generating keypair
[15:42:39] [Server thread/INFO]: Starting Minecraft server on *:25565
[15:42:39] [Server thread/INFO]: Using epoll channel type
[15:42:39] [Server thread/INFO]: Paper: Using libdeflate (Linux x86_64) compression from Velocity.
[15:42:39] [Server thread/INFO]: Paper: Using OpenSSL 1.1.x (Linux x86_64) cipher from Velocity.
[15:42:39] [Server thread/WARN]: **** SERVER IS RUNNING IN OFFLINE/INSECURE MODE!
[15:42:39] [Server thread/WARN]: The server will make no attempt to authenticate usernames. Beware.
[15:42:39] [Server thread/WARN]: While this makes the game possible to play without internet access, it also opens up the ability for hackers to connect with any username they choose.
[15:42:39] [Server thread/WARN]: To change this, set "online-mode" to "true" in the server.properties file.
[15:42:39] [Server thread/INFO]: Preparing level "world"
[15:42:49] [Server thread/INFO]: Preparing start region for dimension minecraft:overworld
[15:42:49] [Server thread/INFO]: Preparing spawn area: 2%
[15:42:49] [Server thread/INFO]: Preparing spawn area: 2%
[15:42:50] [Server thread/INFO]: Preparing spawn area: 2%
[15:42:50] [Server thread/INFO]: Preparing spawn area: 2%
[15:42:51] [Server thread/INFO]: Preparing spawn area: 10%
[15:42:51] [Server thread/INFO]: Preparing spawn area: 18%
[15:42:52] [Server thread/INFO]: Preparing spawn area: 26%
[15:42:52] [Server thread/INFO]: Preparing spawn area: 51%
[15:42:53] [Server thread/INFO]: Preparing spawn area: 55%
[15:42:53] [Server thread/INFO]: Preparing spawn area: 63%
[15:42:53] [Server thread/INFO]: Time elapsed: 4786 ms
[15:42:53] [Server thread/INFO]: Preparing start region for dimension minecraft:the_nether
[15:42:53] [Server thread/INFO]: Preparing spawn area: 2%
[15:42:54] [Server thread/INFO]: Preparing spawn area: 18%
[15:42:54] [Server thread/INFO]: Preparing spawn area: 28%
[15:42:55] [Server thread/INFO]: Preparing spawn area: 69%
[15:42:55] [Server thread/INFO]: Time elapsed: 1564 ms
[15:42:55] [Server thread/INFO]: Preparing start region for dimension minecraft:the_end
[15:42:55] [Server thread/INFO]: Preparing spawn area: 2%
[15:42:55] [Server thread/INFO]: Time elapsed: 447 ms
[15:42:56] [Server thread/INFO]: [spark] Starting background profiler...
[15:42:56] [Server thread/INFO]: Done preparing level "world" (17.055s)
[15:42:56] [Server thread/INFO]: Running delayed init tasks
[15:42:56] [Server thread/INFO]: Done (30.628s)! For help, type "help"
[15:42:56] [Server thread/INFO]: *************************************************************************************
[15:42:56] [Server thread/INFO]: This is the first time you're starting this server.
[15:42:56] [Server thread/INFO]: It's recommended you read our 'Getting Started' documentation for guidance.
[15:42:56] [Server thread/INFO]: View this and more helpful information here: https://docs.papermc.io/paper/next-steps
[15:42:56] [Server thread/INFO]: *************************************************************************************
[15:43:07] [Server thread/INFO]: [Not Secure] [Server] a
[15:44:30] [User Authenticator #0/INFO]: UUID of player Gekito is b55088f6-471a-355c-aa85-7086aa1f8e7e
[15:44:32] [Server thread/INFO]: Gekito joined the game
[15:44:32] [Server thread/INFO]: Gekito[/127.4.64.75:49725] logged in with entity id 52 at ([world]2.5, 71.0, 4.5)
